{"/Users/karthikbalaji/csc-307-final-proj/PolyMessages/packages/react-frontend/src/Components/Auth/Login.jsx": {"path":"/Users/karthikbalaji/csc-307-final-proj/PolyMessages/packages/react-frontend/src/Components/Auth/Login.jsx","all":false,"statementMap":{"0":{"start":{"line":1,"column":0},"end":{"line":1,"column":33}},"1":{"start":{"line":2,"column":0},"end":{"line":2,"column":47}},"2":{"start":{"line":3,"column":0},"end":{"line":3,"column":21}},"3":{"start":{"line":4,"column":0},"end":{"line":4,"column":0}},"4":{"start":{"line":5,"column":0},"end":{"line":5,"column":21}},"5":{"start":{"line":6,"column":0},"end":{"line":6,"column":38}},"6":{"start":{"line":7,"column":0},"end":{"line":7,"column":14}},"7":{"start":{"line":8,"column":0},"end":{"line":8,"column":17}},"8":{"start":{"line":9,"column":0},"end":{"line":9,"column":5}},"9":{"start":{"line":10,"column":0},"end":{"line":10,"column":0}},"10":{"start":{"line":11,"column":0},"end":{"line":11,"column":68}},"11":{"start":{"line":12,"column":0},"end":{"line":12,"column":0}},"12":{"start":{"line":13,"column":0},"end":{"line":13,"column":42}},"13":{"start":{"line":14,"column":0},"end":{"line":14,"column":23}},"14":{"start":{"line":15,"column":0},"end":{"line":15,"column":0}},"15":{"start":{"line":16,"column":0},"end":{"line":16,"column":25}},"16":{"start":{"line":17,"column":0},"end":{"line":17,"column":25}},"17":{"start":{"line":18,"column":0},"end":{"line":18,"column":0}},"18":{"start":{"line":19,"column":0},"end":{"line":19,"column":54}},"19":{"start":{"line":20,"column":0},"end":{"line":20,"column":11}},"20":{"start":{"line":21,"column":0},"end":{"line":21,"column":37}},"21":{"start":{"line":22,"column":0},"end":{"line":22,"column":50}},"22":{"start":{"line":23,"column":0},"end":{"line":23,"column":99}},"23":{"start":{"line":24,"column":0},"end":{"line":24,"column":11}},"24":{"start":{"line":25,"column":0},"end":{"line":25,"column":27}},"25":{"start":{"line":26,"column":0},"end":{"line":26,"column":22}},"26":{"start":{"line":27,"column":0},"end":{"line":27,"column":49}},"27":{"start":{"line":28,"column":0},"end":{"line":28,"column":14}},"28":{"start":{"line":29,"column":0},"end":{"line":29,"column":40}},"29":{"start":{"line":30,"column":0},"end":{"line":30,"column":11}},"30":{"start":{"line":31,"column":0},"end":{"line":31,"column":10}},"31":{"start":{"line":32,"column":0},"end":{"line":32,"column":0}},"32":{"start":{"line":33,"column":0},"end":{"line":33,"column":43}},"33":{"start":{"line":34,"column":0},"end":{"line":34,"column":0}},"34":{"start":{"line":35,"column":0},"end":{"line":35,"column":26}},"35":{"start":{"line":36,"column":0},"end":{"line":36,"column":67}},"36":{"start":{"line":37,"column":0},"end":{"line":37,"column":36}},"37":{"start":{"line":38,"column":0},"end":{"line":38,"column":28}},"38":{"start":{"line":39,"column":0},"end":{"line":39,"column":66}},"39":{"start":{"line":40,"column":0},"end":{"line":40,"column":16}},"40":{"start":{"line":41,"column":0},"end":{"line":41,"column":54}},"41":{"start":{"line":42,"column":0},"end":{"line":42,"column":30}},"42":{"start":{"line":43,"column":0},"end":{"line":43,"column":9}},"43":{"start":{"line":44,"column":0},"end":{"line":44,"column":23}},"44":{"start":{"line":45,"column":0},"end":{"line":45,"column":39}},"45":{"start":{"line":46,"column":0},"end":{"line":46,"column":58}},"46":{"start":{"line":47,"column":0},"end":{"line":47,"column":7}},"47":{"start":{"line":48,"column":0},"end":{"line":48,"column":12}},"48":{"start":{"line":49,"column":0},"end":{"line":49,"column":42}},"49":{"start":{"line":50,"column":0},"end":{"line":50,"column":5}},"50":{"start":{"line":51,"column":0},"end":{"line":51,"column":4}},"51":{"start":{"line":52,"column":0},"end":{"line":52,"column":0}},"52":{"start":{"line":53,"column":0},"end":{"line":53,"column":30}},"53":{"start":{"line":54,"column":0},"end":{"line":54,"column":37}},"54":{"start":{"line":55,"column":0},"end":{"line":55,"column":25}},"55":{"start":{"line":56,"column":0},"end":{"line":56,"column":14}},"56":{"start":{"line":57,"column":0},"end":{"line":57,"column":20}},"57":{"start":{"line":58,"column":0},"end":{"line":58,"column":8}},"58":{"start":{"line":59,"column":0},"end":{"line":59,"column":4}},"59":{"start":{"line":60,"column":0},"end":{"line":60,"column":0}},"60":{"start":{"line":61,"column":0},"end":{"line":61,"column":38}},"61":{"start":{"line":62,"column":0},"end":{"line":62,"column":56}},"62":{"start":{"line":63,"column":0},"end":{"line":63,"column":4}},"63":{"start":{"line":64,"column":0},"end":{"line":64,"column":0}},"64":{"start":{"line":65,"column":0},"end":{"line":65,"column":10}},"65":{"start":{"line":66,"column":0},"end":{"line":66,"column":31}},"66":{"start":{"line":67,"column":0},"end":{"line":67,"column":41}},"67":{"start":{"line":68,"column":0},"end":{"line":68,"column":29}},"68":{"start":{"line":69,"column":0},"end":{"line":69,"column":38}},"69":{"start":{"line":70,"column":0},"end":{"line":70,"column":51}},"70":{"start":{"line":71,"column":0},"end":{"line":71,"column":16}},"71":{"start":{"line":72,"column":0},"end":{"line":72,"column":24}},"72":{"start":{"line":73,"column":0},"end":{"line":73,"column":27}},"73":{"start":{"line":74,"column":0},"end":{"line":74,"column":24}},"74":{"start":{"line":75,"column":0},"end":{"line":75,"column":43}},"75":{"start":{"line":76,"column":0},"end":{"line":76,"column":41}},"76":{"start":{"line":77,"column":0},"end":{"line":77,"column":32}},"77":{"start":{"line":78,"column":0},"end":{"line":78,"column":34}},"78":{"start":{"line":79,"column":0},"end":{"line":79,"column":12}},"79":{"start":{"line":80,"column":0},"end":{"line":80,"column":51}},"80":{"start":{"line":81,"column":0},"end":{"line":81,"column":39}},"81":{"start":{"line":82,"column":0},"end":{"line":82,"column":16}},"82":{"start":{"line":83,"column":0},"end":{"line":83,"column":14}},"83":{"start":{"line":84,"column":0},"end":{"line":84,"column":38}},"84":{"start":{"line":85,"column":0},"end":{"line":85,"column":52}},"85":{"start":{"line":86,"column":0},"end":{"line":86,"column":16}},"86":{"start":{"line":87,"column":0},"end":{"line":87,"column":27}},"87":{"start":{"line":88,"column":0},"end":{"line":88,"column":25}},"88":{"start":{"line":89,"column":0},"end":{"line":89,"column":27}},"89":{"start":{"line":90,"column":0},"end":{"line":90,"column":34}},"90":{"start":{"line":91,"column":0},"end":{"line":91,"column":44}},"91":{"start":{"line":92,"column":0},"end":{"line":92,"column":32}},"92":{"start":{"line":93,"column":0},"end":{"line":93,"column":34}},"93":{"start":{"line":94,"column":0},"end":{"line":94,"column":12}},"94":{"start":{"line":95,"column":0},"end":{"line":95,"column":54}},"95":{"start":{"line":96,"column":0},"end":{"line":96,"column":57}},"96":{"start":{"line":97,"column":0},"end":{"line":97,"column":16}},"97":{"start":{"line":98,"column":0},"end":{"line":98,"column":14}},"98":{"start":{"line":99,"column":0},"end":{"line":99,"column":31}},"99":{"start":{"line":100,"column":0},"end":{"line":100,"column":11}},"100":{"start":{"line":101,"column":0},"end":{"line":101,"column":37}},"101":{"start":{"line":102,"column":0},"end":{"line":102,"column":74}},"102":{"start":{"line":103,"column":0},"end":{"line":103,"column":19}},"103":{"start":{"line":104,"column":0},"end":{"line":104,"column":19}},"104":{"start":{"line":105,"column":0},"end":{"line":105,"column":12}},"105":{"start":{"line":106,"column":0},"end":{"line":106,"column":13}},"106":{"start":{"line":107,"column":0},"end":{"line":107,"column":10}},"107":{"start":{"line":108,"column":0},"end":{"line":108,"column":4}},"108":{"start":{"line":109,"column":0},"end":{"line":109,"column":2}},"109":{"start":{"line":110,"column":0},"end":{"line":110,"column":0}},"110":{"start":{"line":111,"column":0},"end":{"line":111,"column":21}}},"s":{"0":1,"1":15,"2":1,"3":1,"4":1,"5":15,"6":15,"7":15,"8":15,"9":15,"10":15,"11":15,"12":15,"13":4,"14":4,"15":4,"16":4,"17":4,"18":4,"19":3,"20":3,"21":3,"22":3,"23":3,"24":3,"25":3,"26":3,"27":3,"28":3,"29":3,"30":3,"31":2,"32":2,"33":2,"34":2,"35":1,"36":1,"37":1,"38":1,"39":1,"40":1,"41":1,"42":1,"43":1,"44":1,"45":1,"46":1,"47":1,"48":1,"49":15,"50":15,"51":15,"52":15,"53":8,"54":8,"55":8,"56":8,"57":8,"58":15,"59":15,"60":15,"61":1,"62":15,"63":15,"64":15,"65":15,"66":15,"67":15,"68":15,"69":15,"70":15,"71":15,"72":15,"73":15,"74":15,"75":15,"76":15,"77":15,"78":15,"79":15,"80":15,"81":15,"82":15,"83":15,"84":15,"85":15,"86":15,"87":15,"88":15,"89":15,"90":15,"91":15,"92":15,"93":15,"94":15,"95":15,"96":15,"97":15,"98":15,"99":15,"100":15,"101":15,"102":15,"103":15,"104":15,"105":15,"106":15,"107":15,"108":15,"109":1,"110":1},"branchMap":{"0":{"type":"branch","line":2,"loc":{"start":{"line":2,"column":0},"end":{"line":2,"column":47}},"locations":[{"start":{"line":2,"column":0},"end":{"line":2,"column":47}}]},"1":{"type":"branch","line":2,"loc":{"start":{"line":2,"column":0},"end":{"line":2,"column":47}},"locations":[{"start":{"line":2,"column":0},"end":{"line":2,"column":47}}]},"2":{"type":"branch","line":2,"loc":{"start":{"line":2,"column":0},"end":{"line":2,"column":47}},"locations":[{"start":{"line":2,"column":0},"end":{"line":2,"column":47}}]},"3":{"type":"branch","line":2,"loc":{"start":{"line":2,"column":0},"end":{"line":2,"column":47}},"locations":[{"start":{"line":2,"column":0},"end":{"line":2,"column":47}}]},"4":{"type":"branch","line":2,"loc":{"start":{"line":2,"column":0},"end":{"line":2,"column":47}},"locations":[{"start":{"line":2,"column":0},"end":{"line":2,"column":47}}]},"5":{"type":"branch","line":2,"loc":{"start":{"line":2,"column":0},"end":{"line":2,"column":47}},"locations":[{"start":{"line":2,"column":0},"end":{"line":2,"column":47}}]},"6":{"type":"branch","line":2,"loc":{"start":{"line":2,"column":0},"end":{"line":2,"column":47}},"locations":[{"start":{"line":2,"column":0},"end":{"line":2,"column":47}}]},"7":{"type":"branch","line":2,"loc":{"start":{"line":2,"column":0},"end":{"line":2,"column":47}},"locations":[{"start":{"line":2,"column":0},"end":{"line":2,"column":47}}]},"8":{"type":"branch","line":2,"loc":{"start":{"line":2,"column":0},"end":{"line":2,"column":47}},"locations":[{"start":{"line":2,"column":0},"end":{"line":2,"column":47}}]},"9":{"type":"branch","line":2,"loc":{"start":{"line":2,"column":0},"end":{"line":2,"column":47}},"locations":[{"start":{"line":2,"column":0},"end":{"line":2,"column":47}}]},"10":{"type":"branch","line":2,"loc":{"start":{"line":2,"column":0},"end":{"line":2,"column":47}},"locations":[{"start":{"line":2,"column":0},"end":{"line":2,"column":47}}]},"11":{"type":"branch","line":2,"loc":{"start":{"line":2,"column":0},"end":{"line":2,"column":47}},"locations":[{"start":{"line":2,"column":0},"end":{"line":2,"column":47}}]},"12":{"type":"branch","line":2,"loc":{"start":{"line":2,"column":0},"end":{"line":2,"column":47}},"locations":[{"start":{"line":2,"column":0},"end":{"line":2,"column":47}}]},"13":{"type":"branch","line":2,"loc":{"start":{"line":2,"column":0},"end":{"line":2,"column":47}},"locations":[{"start":{"line":2,"column":0},"end":{"line":2,"column":47}}]},"14":{"type":"branch","line":5,"loc":{"start":{"line":5,"column":14},"end":{"line":109,"column":2}},"locations":[{"start":{"line":5,"column":14},"end":{"line":109,"column":2}}]},"15":{"type":"branch","line":13,"loc":{"start":{"line":13,"column":25},"end":{"line":13,"column":28}},"locations":[{"start":{"line":13,"column":25},"end":{"line":13,"column":28}}]},"16":{"type":"branch","line":13,"loc":{"start":{"line":13,"column":28},"end":{"line":49,"column":42}},"locations":[{"start":{"line":13,"column":28},"end":{"line":49,"column":42}}]},"17":{"type":"branch","line":13,"loc":{"start":{"line":13,"column":36},"end":{"line":49,"column":42}},"locations":[{"start":{"line":13,"column":36},"end":{"line":49,"column":42}}]},"18":{"type":"branch","line":13,"loc":{"start":{"line":13,"column":36},"end":{"line":49,"column":42}},"locations":[{"start":{"line":13,"column":36},"end":{"line":49,"column":42}}]},"19":{"type":"branch","line":13,"loc":{"start":{"line":13,"column":36},"end":{"line":31,"column":10}},"locations":[{"start":{"line":13,"column":36},"end":{"line":31,"column":10}}]},"20":{"type":"branch","line":19,"loc":{"start":{"line":19,"column":26},"end":{"line":19,"column":51}},"locations":[{"start":{"line":19,"column":26},"end":{"line":19,"column":51}}]},"21":{"type":"branch","line":19,"loc":{"start":{"line":19,"column":51},"end":{"line":19,"column":54}},"locations":[{"start":{"line":19,"column":51},"end":{"line":19,"column":54}}]},"22":{"type":"branch","line":19,"loc":{"start":{"line":19,"column":51},"end":{"line":31,"column":10}},"locations":[{"start":{"line":19,"column":51},"end":{"line":31,"column":10}}]},"23":{"type":"branch","line":31,"loc":{"start":{"line":31,"column":9},"end":{"line":33,"column":43}},"locations":[{"start":{"line":31,"column":9},"end":{"line":33,"column":43}}]},"24":{"type":"branch","line":33,"loc":{"start":{"line":33,"column":42},"end":{"line":43,"column":9}},"locations":[{"start":{"line":33,"column":42},"end":{"line":43,"column":9}}]},"25":{"type":"branch","line":35,"loc":{"start":{"line":35,"column":25},"end":{"line":43,"column":9}},"locations":[{"start":{"line":35,"column":25},"end":{"line":43,"column":9}}]},"26":{"type":"branch","line":44,"loc":{"start":{"line":44,"column":-1},"end":{"line":46,"column":58}},"locations":[{"start":{"line":44,"column":-1},"end":{"line":46,"column":58}}]},"27":{"type":"branch","line":47,"loc":{"start":{"line":47,"column":-1},"end":{"line":49,"column":42}},"locations":[{"start":{"line":47,"column":-1},"end":{"line":49,"column":42}}]},"28":{"type":"branch","line":53,"loc":{"start":{"line":53,"column":22},"end":{"line":59,"column":3}},"locations":[{"start":{"line":53,"column":22},"end":{"line":59,"column":3}}]},"29":{"type":"branch","line":55,"loc":{"start":{"line":55,"column":13},"end":{"line":57,"column":20}},"locations":[{"start":{"line":55,"column":13},"end":{"line":57,"column":20}}]},"30":{"type":"branch","line":61,"loc":{"start":{"line":61,"column":31},"end":{"line":63,"column":3}},"locations":[{"start":{"line":61,"column":31},"end":{"line":63,"column":3}}]}},"b":{"0":[9],"1":[0],"2":[4],"3":[5],"4":[15],"5":[4],"6":[4],"7":[8],"8":[1],"9":[15],"10":[0],"11":[0],"12":[0],"13":[15],"14":[15],"15":[15],"16":[4],"17":[9],"18":[15],"19":[4],"20":[3],"21":[1],"22":[3],"23":[2],"24":[2],"25":[1],"26":[1],"27":[1],"28":[8],"29":[8],"30":[1]},"fnMap":{"0":{"name":"asyncGeneratorStep","decl":{"start":{"line":2,"column":0},"end":{"line":2,"column":47}},"loc":{"start":{"line":2,"column":0},"end":{"line":2,"column":47}},"line":2},"1":{"name":"_asyncToGenerator","decl":{"start":{"line":2,"column":0},"end":{"line":2,"column":47}},"loc":{"start":{"line":2,"column":0},"end":{"line":2,"column":47}},"line":2},"2":{"name":"_next","decl":{"start":{"line":2,"column":0},"end":{"line":2,"column":47}},"loc":{"start":{"line":2,"column":0},"end":{"line":2,"column":47}},"line":2},"3":{"name":"_throw","decl":{"start":{"line":2,"column":0},"end":{"line":2,"column":47}},"loc":{"start":{"line":2,"column":0},"end":{"line":2,"column":47}},"line":2},"4":{"name":"_slicedToArray","decl":{"start":{"line":2,"column":0},"end":{"line":2,"column":47}},"loc":{"start":{"line":2,"column":0},"end":{"line":2,"column":47}},"line":2},"5":{"name":"_nonIterableRest","decl":{"start":{"line":2,"column":0},"end":{"line":2,"column":47}},"loc":{"start":{"line":2,"column":0},"end":{"line":2,"column":47}},"line":2},"6":{"name":"_unsupportedIterableToArray","decl":{"start":{"line":2,"column":0},"end":{"line":2,"column":47}},"loc":{"start":{"line":2,"column":0},"end":{"line":2,"column":47}},"line":2},"7":{"name":"_arrayLikeToArray","decl":{"start":{"line":2,"column":0},"end":{"line":2,"column":47}},"loc":{"start":{"line":2,"column":0},"end":{"line":2,"column":47}},"line":2},"8":{"name":"_iterableToArrayLimit","decl":{"start":{"line":2,"column":0},"end":{"line":2,"column":47}},"loc":{"start":{"line":2,"column":0},"end":{"line":2,"column":47}},"line":2},"9":{"name":"_arrayWithHoles","decl":{"start":{"line":2,"column":0},"end":{"line":2,"column":47}},"loc":{"start":{"line":2,"column":0},"end":{"line":2,"column":47}},"line":2},"10":{"name":"Login","decl":{"start":{"line":5,"column":14},"end":{"line":109,"column":2}},"loc":{"start":{"line":5,"column":14},"end":{"line":109,"column":2}},"line":5},"11":{"name":"_callee","decl":{"start":{"line":13,"column":28},"end":{"line":49,"column":42}},"loc":{"start":{"line":13,"column":28},"end":{"line":49,"column":42}},"line":13},"12":{"name":"_callee$","decl":{"start":{"line":13,"column":36},"end":{"line":49,"column":42}},"loc":{"start":{"line":13,"column":36},"end":{"line":49,"column":42}},"line":13},"13":{"name":"handleInput","decl":{"start":{"line":53,"column":22},"end":{"line":59,"column":3}},"loc":{"start":{"line":53,"column":22},"end":{"line":59,"column":3}},"line":53},"14":{"name":"handleSignUpNavigate","decl":{"start":{"line":61,"column":31},"end":{"line":63,"column":3}},"loc":{"start":{"line":61,"column":31},"end":{"line":63,"column":3}},"line":61}},"f":{"0":9,"1":15,"2":8,"3":1,"4":15,"5":0,"6":0,"7":0,"8":0,"9":15,"10":15,"11":4,"12":9,"13":8,"14":1}}
}
