TN:
SF:packages/react-frontend/src/Components/Auth/Login.jsx
FN:2,asyncGeneratorStep
FN:2,_asyncToGenerator
FN:2,_next
FN:2,_throw
FN:2,_slicedToArray
FN:2,_nonIterableRest
FN:2,_unsupportedIterableToArray
FN:2,_arrayLikeToArray
FN:2,_iterableToArrayLimit
FN:2,_arrayWithHoles
FN:5,Login
FN:13,_callee
FN:13,_callee$
FN:53,handleInput
FN:61,handleSignUpNavigate
FNF:15
FNH:11
FNDA:9,asyncGeneratorStep
FNDA:14,_asyncToGenerator
FNDA:8,_next
FNDA:1,_throw
FNDA:14,_slicedToArray
FNDA:0,_nonIterableRest
FNDA:0,_unsupportedIterableToArray
FNDA:0,_arrayLikeToArray
FNDA:0,_iterableToArrayLimit
FNDA:14,_arrayWithHoles
FNDA:14,Login
FNDA:4,_callee
FNDA:9,_callee$
FNDA:8,handleInput
FNDA:1,handleSignUpNavigate
DA:1,1
DA:2,14
DA:3,1
DA:4,1
DA:5,1
DA:6,14
DA:7,14
DA:8,14
DA:9,14
DA:10,14
DA:11,14
DA:12,14
DA:13,14
DA:14,4
DA:15,4
DA:16,4
DA:17,4
DA:18,4
DA:19,4
DA:20,3
DA:21,3
DA:22,3
DA:23,3
DA:24,3
DA:25,3
DA:26,3
DA:27,3
DA:28,3
DA:29,3
DA:30,3
DA:31,3
DA:32,2
DA:33,2
DA:34,2
DA:35,2
DA:36,1
DA:37,1
DA:38,1
DA:39,1
DA:40,1
DA:41,1
DA:42,1
DA:43,1
DA:44,1
DA:45,1
DA:46,1
DA:47,1
DA:48,1
DA:49,1
DA:50,14
DA:51,14
DA:52,14
DA:53,14
DA:54,8
DA:55,8
DA:56,8
DA:57,8
DA:58,8
DA:59,14
DA:60,14
DA:61,14
DA:62,1
DA:63,14
DA:64,14
DA:65,14
DA:66,14
DA:67,14
DA:68,14
DA:69,14
DA:70,14
DA:71,14
DA:72,14
DA:73,14
DA:74,14
DA:75,14
DA:76,14
DA:77,14
DA:78,14
DA:79,14
DA:80,14
DA:81,14
DA:82,14
DA:83,14
DA:84,14
DA:85,14
DA:86,14
DA:87,14
DA:88,14
DA:89,14
DA:90,14
DA:91,14
DA:92,14
DA:93,14
DA:94,14
DA:95,14
DA:96,14
DA:97,14
DA:98,14
DA:99,14
DA:100,14
DA:101,14
DA:102,14
DA:103,14
DA:104,14
DA:105,14
DA:106,14
DA:107,14
DA:108,14
DA:109,14
DA:110,1
DA:111,1
LF:111
LH:111
BRDA:2,0,0,9
BRDA:2,1,0,0
BRDA:2,2,0,4
BRDA:2,3,0,5
BRDA:2,4,0,14
BRDA:2,5,0,4
BRDA:2,6,0,4
BRDA:2,7,0,8
BRDA:2,8,0,1
BRDA:2,9,0,14
BRDA:2,10,0,0
BRDA:2,11,0,0
BRDA:2,12,0,0
BRDA:2,13,0,14
BRDA:5,14,0,14
BRDA:13,15,0,14
BRDA:13,16,0,4
BRDA:13,17,0,9
BRDA:13,18,0,15
BRDA:13,19,0,4
BRDA:19,20,0,3
BRDA:19,21,0,1
BRDA:19,22,0,3
BRDA:31,23,0,2
BRDA:33,24,0,2
BRDA:35,25,0,1
BRDA:44,26,0,1
BRDA:47,27,0,1
BRDA:53,28,0,8
BRDA:55,29,0,8
BRDA:61,30,0,1
BRF:31
BRH:27
end_of_record
